#
# There is insufficient memory for the Java Runtime Environment to continue.
# Native memory allocation (mmap) failed to map 20971520 bytes for G1 virtual space
# Possible reasons:
#   The system is out of physical RAM or swap space
#   The process is running with CompressedOops enabled, and the Java Heap may be blocking the growth of the native heap
# Possible solutions:
#   Reduce memory load on the system
#   Increase physical memory or swap space
#   Check if swap backing store is full
#   Decrease Java heap size (-Xmx/-Xms)
#   Decrease number of Java threads
#   Decrease Java thread stack sizes (-Xss)
#   Set larger code cache with -XX:ReservedCodeCacheSize=
#   JVM is running with Unscaled Compressed Oops mode in which the Java heap is
#     placed in the first 4GB address space. The Java Heap base address is the
#     maximum limit for the native heap growth. Please use -XX:HeapBaseMinAddress
#     to set the Java Heap base and to place the Java Heap above 4GB virtual address.
# This output file may be truncated or incomplete.
#
#  Out of Memory Error (os_windows.cpp:3466), pid=1908, tid=8492
#
# JRE version: OpenJDK Runtime Environment (16.0.1+9) (build 16.0.1+9-24)
# Java VM: OpenJDK 64-Bit Server VM (16.0.1+9-24, mixed mode, sharing, tiered, compressed oops, compressed class ptrs, g1 gc, windows-amd64)
# No core dump will be written. Minidumps are not enabled by default on client versions of Windows
#

---------------  S U M M A R Y ------------

Command Line: -XX:TieredStopAtLevel=1 com.eventoapp.EventoappApplication

Host: Intel(R) Core(TM) i5-7200U CPU @ 2.50GHz, 4 cores, 7G,  Windows 10 , 64 bit Build 19041 (10.0.19041.1023)
Time: Sat Jul 24 19:18:18 2021 Hora oficial do Brasil elapsed time: 18.307143 seconds (0d 0h 0m 18s)

---------------  T H R E A D  ---------------

Current thread (0x00000241fe926210):  VMThread "VM Thread" [stack: 0x0000006f7bb00000,0x0000006f7bc00000] [id=8492]

Stack: [0x0000006f7bb00000,0x0000006f7bc00000]
Native frames: (J=compiled Java code, j=interpreted, Vv=VM code, C=native code)
V  [jvm.dll+0x6687ca]
V  [jvm.dll+0x7ca3c9]
V  [jvm.dll+0x7cbb53]
V  [jvm.dll+0x7cc1b3]
V  [jvm.dll+0x242ea5]
V  [jvm.dll+0x665589]
V  [jvm.dll+0x65a175]
V  [jvm.dll+0x2fc5ab]
V  [jvm.dll+0x3037a6]
V  [jvm.dll+0x352fee]
V  [jvm.dll+0x35321f]
V  [jvm.dll+0x2d3618]
V  [jvm.dll+0x2d11a5]
V  [jvm.dll+0x2d07dc]
V  [jvm.dll+0x3158c2]
V  [jvm.dll+0x7d05eb]
V  [jvm.dll+0x7d12e4]
V  [jvm.dll+0x7d17e9]
V  [jvm.dll+0x7d1aa4]
V  [jvm.dll+0x7d1b70]
V  [jvm.dll+0x779b4a]
V  [jvm.dll+0x667666]
C  [ucrtbase.dll+0x21bb2]
C  [KERNEL32.DLL+0x17034]
C  [ntdll.dll+0x52651]

VM_Operation (0x0000006f7dafc4e0): G1CollectForAllocation, mode: safepoint, requested by thread 0x0000024185951ae0


---------------  P R O C E S S  ---------------

Threads class SMR info:
_java_thread_list=0x0000024183d7ead0, length=30, elements={
0x00000241fe929e60, 0x00000241fe92b330, 0x00000241fe940040, 0x00000241fe940a50,
0x00000241fe943470, 0x00000241fe946da0, 0x00000241fe952410, 0x00000241fe96b940,
0x00000241ff4bd1d0, 0x00000241ff4c0ba0, 0x0000024183793ba0, 0x000002418355f920,
0x000002418351db10, 0x000002418351e030, 0x0000024183bc7200, 0x0000024185950050,
0x0000024185951590, 0x00000241859505a0, 0x0000024185952030, 0x000002418594fb00,
0x0000024185951ae0, 0x0000024185950af0, 0x0000024185951040, 0x0000024185952580,
0x000002418594f060, 0x000002418594f5b0, 0x00000241ff8e7fe0, 0x00000241ff8eba50,
0x00000241ff8eea20, 0x00000241ff8e8530
}

Java Threads: ( => current thread )
  0x00000241fe929e60 JavaThread "Reference Handler" daemon [_thread_blocked, id=9704, stack(0x0000006f7bc00000,0x0000006f7bd00000)]
  0x00000241fe92b330 JavaThread "Finalizer" daemon [_thread_blocked, id=7332, stack(0x0000006f7bd00000,0x0000006f7be00000)]
  0x00000241fe940040 JavaThread "Signal Dispatcher" daemon [_thread_blocked, id=6896, stack(0x0000006f7be00000,0x0000006f7bf00000)]
  0x00000241fe940a50 JavaThread "Attach Listener" daemon [_thread_blocked, id=8620, stack(0x0000006f7bf00000,0x0000006f7c000000)]
  0x00000241fe943470 JavaThread "Service Thread" daemon [_thread_blocked, id=2624, stack(0x0000006f7c000000,0x0000006f7c100000)]
  0x00000241fe946da0 JavaThread "Monitor Deflation Thread" daemon [_thread_blocked, id=2836, stack(0x0000006f7c100000,0x0000006f7c200000)]
  0x00000241fe952410 JavaThread "C1 CompilerThread0" daemon [_thread_blocked, id=10472, stack(0x0000006f7c200000,0x0000006f7c300000)]
  0x00000241fe96b940 JavaThread "Sweeper thread" daemon [_thread_blocked, id=10012, stack(0x0000006f7c300000,0x0000006f7c400000)]
  0x00000241ff4bd1d0 JavaThread "Notification Thread" daemon [_thread_blocked, id=7308, stack(0x0000006f7c400000,0x0000006f7c500000)]
  0x00000241ff4c0ba0 JavaThread "Common-Cleaner" daemon [_thread_blocked, id=4304, stack(0x0000006f7c600000,0x0000006f7c700000)]
  0x0000024183793ba0 JavaThread "Catalina-utility-1" [_thread_blocked, id=5252, stack(0x0000006f7ce00000,0x0000006f7cf00000)]
  0x000002418355f920 JavaThread "Catalina-utility-2" [_thread_blocked, id=7940, stack(0x0000006f7cf00000,0x0000006f7d000000)]
  0x000002418351db10 JavaThread "container-0" [_thread_blocked, id=6220, stack(0x0000006f7d000000,0x0000006f7d100000)]
  0x000002418351e030 JavaThread "mysql-cj-abandoned-connection-cleanup" daemon [_thread_blocked, id=9932, stack(0x0000006f7d100000,0x0000006f7d200000)]
  0x0000024183bc7200 JavaThread "HikariPool-1 housekeeper" daemon [_thread_blocked, id=3492, stack(0x0000006f7d300000,0x0000006f7d400000)]
  0x0000024185950050 JavaThread "File Watcher" daemon [_thread_blocked, id=7116, stack(0x0000006f7d500000,0x0000006f7d600000)]
  0x0000024185951590 JavaThread "Live Reload Server" daemon [_thread_in_native, id=912, stack(0x0000006f7d700000,0x0000006f7d800000)]
  0x00000241859505a0 JavaThread "http-nio-8080-exec-1" daemon [_thread_blocked, id=11208, stack(0x0000006f7d600000,0x0000006f7d700000)]
  0x0000024185952030 JavaThread "http-nio-8080-exec-2" daemon [_thread_blocked, id=5668, stack(0x0000006f7d800000,0x0000006f7d900000)]
  0x000002418594fb00 JavaThread "http-nio-8080-exec-3" daemon [_thread_blocked, id=6528, stack(0x0000006f7d900000,0x0000006f7da00000)]
  0x0000024185951ae0 JavaThread "http-nio-8080-exec-4" daemon [_thread_blocked, id=5944, stack(0x0000006f7da00000,0x0000006f7db00000)]
  0x0000024185950af0 JavaThread "http-nio-8080-exec-5" daemon [_thread_blocked, id=9044, stack(0x0000006f7db00000,0x0000006f7dc00000)]
  0x0000024185951040 JavaThread "http-nio-8080-exec-6" daemon [_thread_blocked, id=11024, stack(0x0000006f7dc00000,0x0000006f7dd00000)]
  0x0000024185952580 JavaThread "http-nio-8080-exec-7" daemon [_thread_blocked, id=4636, stack(0x0000006f7dd00000,0x0000006f7de00000)]
  0x000002418594f060 JavaThread "http-nio-8080-exec-8" daemon [_thread_blocked, id=3136, stack(0x0000006f7de00000,0x0000006f7df00000)]
  0x000002418594f5b0 JavaThread "http-nio-8080-exec-9" daemon [_thread_blocked, id=1420, stack(0x0000006f7df00000,0x0000006f7e000000)]
  0x00000241ff8e7fe0 JavaThread "http-nio-8080-exec-10" daemon [_thread_blocked, id=4460, stack(0x0000006f7e000000,0x0000006f7e100000)]
  0x00000241ff8eba50 JavaThread "http-nio-8080-Poller" daemon [_thread_in_native, id=4424, stack(0x0000006f7e100000,0x0000006f7e200000)]
  0x00000241ff8eea20 JavaThread "http-nio-8080-Acceptor" daemon [_thread_in_native, id=7232, stack(0x0000006f7e200000,0x0000006f7e300000)]
  0x00000241ff8e8530 JavaThread "DestroyJavaVM" [_thread_blocked, id=8584, stack(0x0000006f7b500000,0x0000006f7b600000)]

Other Threads:
=>0x00000241fe926210 VMThread "VM Thread" [stack: 0x0000006f7bb00000,0x0000006f7bc00000] [id=8492]
  0x00000241ff4be700 WatcherThread [stack: 0x0000006f7c500000,0x0000006f7c600000] [id=4188]
  0x00000241e127fcf0 GCTaskThread "GC Thread#0" [stack: 0x0000006f7b600000,0x0000006f7b700000] [id=10672]
  0x00000241ffaa1c60 GCTaskThread "GC Thread#1" [stack: 0x0000006f7c700000,0x0000006f7c800000] [id=4432]
  0x00000241ffa9c450 GCTaskThread "GC Thread#2" [stack: 0x0000006f7c800000,0x0000006f7c900000] [id=3008]
  0x00000241ffa97920 GCTaskThread "GC Thread#3" [stack: 0x0000006f7c900000,0x0000006f7ca00000] [id=8572]
  0x00000241e1290a70 ConcurrentGCThread "G1 Main Marker" [stack: 0x0000006f7b700000,0x0000006f7b800000] [id=8512]
  0x00000241e1291c80 ConcurrentGCThread "G1 Conc#0" [stack: 0x0000006f7b800000,0x0000006f7b900000] [id=5180]
  0x00000241e131da60 ConcurrentGCThread "G1 Refine#0" [stack: 0x0000006f7b900000,0x0000006f7ba00000] [id=584]
  0x00000241ffa97c30 ConcurrentGCThread "G1 Refine#1" [stack: 0x0000006f7ca00000,0x0000006f7cb00000] [id=9476]
  0x00000241e131e4e0 ConcurrentGCThread "G1 Service" [stack: 0x0000006f7ba00000,0x0000006f7bb00000] [id=1852]

Threads with active compile tasks:
C1 CompilerThread0    18347 5119       1       java.util.Calendar::isFieldSet (14 bytes)

VM state: at safepoint (normal execution)

VM Mutex/Monitor currently owned by a thread:  ([mutex/lock_event])
[0x00000241e123d410] Threads_lock - owner thread: 0x00000241fe926210
[0x00000241e123cde0] Heap_lock - owner thread: 0x0000024185951ae0

Heap address: 0x0000000081600000, size: 2026 MB, Compressed Oops mode: 32-bit

CDS archive(s) mapped at: [0x0000000800000000-0x0000000800bb0000-0x0000000800bb0000), size 12255232, SharedBaseAddress: 0x0000000800000000, ArchiveRelocationMode: 0.
Compressed class space mapped at: 0x0000000800c00000-0x0000000840c00000, reserved size: 1073741824
Narrow klass base: 0x0000000800000000, Narrow klass shift: 3, Narrow klass range: 0x100000000

GC Precious Log:
 CPUs: 4 total, 4 available
 Memory: 8102M
 Large Page Support: Disabled
 NUMA Support: Disabled
 Compressed Oops: Enabled (32-bit)
 Heap Region Size: 1M
 Heap Min Capacity: 8M
 Heap Initial Capacity: 128M
 Heap Max Capacity: 2026M
 Pre-touch: Disabled
 Parallel Workers: 4
 Concurrent Workers: 1
 Concurrent Refinement Workers: 4
 Periodic GC: Disabled

Heap:
 garbage-first heap   total 135168K, used 29462K [0x0000000081600000, 0x0000000100000000)
  region size 1024K, 3 young (3072K), 3 survivors (3072K)
 Metaspace       used 59991K, committed 60352K, reserved 1105920K
  class space    used 8437K, committed 8640K, reserved 1048576K

Heap Regions: E=young(eden), S=young(survivor), O=old, HS=humongous(starts), HC=humongous(continues), CS=collection set, F=free, OA=open archive, CA=closed archive, TAMS=top-at-mark-start (previous, next)
|   0|0x0000000081600000, 0x0000000081700000, 0x0000000081700000|100%|HS|  |TAMS 0x0000000081700000, 0x0000000081600000| Complete 
|   1|0x0000000081700000, 0x0000000081800000, 0x0000000081800000|100%| O|  |TAMS 0x0000000081800000, 0x0000000081700000| Untracked 
|   2|0x0000000081800000, 0x0000000081900000, 0x0000000081900000|100%| O|  |TAMS 0x0000000081900000, 0x0000000081800000| Untracked 
|   3|0x0000000081900000, 0x0000000081a00000, 0x0000000081a00000|100%| O|  |TAMS 0x0000000081a00000, 0x0000000081900000| Untracked 
|   4|0x0000000081a00000, 0x0000000081b00000, 0x0000000081b00000|100%| O|  |TAMS 0x0000000081b00000, 0x0000000081a00000| Untracked 
|   5|0x0000000081b00000, 0x0000000081bf6c00, 0x0000000081c00000| 96%| O|  |TAMS 0x0000000081bf6c00, 0x0000000081b00000| Untracked 
|   6|0x0000000081c00000, 0x0000000081d00000, 0x0000000081d00000|100%| O|  |TAMS 0x0000000081d00000, 0x0000000081c00000| Untracked 
|   7|0x0000000081d00000, 0x0000000081e00000, 0x0000000081e00000|100%| O|  |TAMS 0x0000000081e00000, 0x0000000081d00000| Untracked 
|   8|0x0000000081e00000, 0x0000000081f00000, 0x0000000081f00000|100%| O|  |TAMS 0x0000000081f00000, 0x0000000081e00000| Untracked 
|   9|0x0000000081f00000, 0x0000000082000000, 0x0000000082000000|100%| O|  |TAMS 0x0000000082000000, 0x0000000081f00000| Untracked 
|  10|0x0000000082000000, 0x0000000082100000, 0x0000000082100000|100%| O|  |TAMS 0x000000008206f800, 0x0000000082000000| Untracked 
|  11|0x0000000082100000, 0x0000000082200000, 0x0000000082200000|100%| O|  |TAMS 0x0000000082100000, 0x0000000082100000| Untracked 
|  12|0x0000000082200000, 0x0000000082300000, 0x0000000082300000|100%| O|  |TAMS 0x0000000082200000, 0x0000000082200000| Untracked 
|  13|0x0000000082300000, 0x0000000082400000, 0x0000000082400000|100%| O|  |TAMS 0x0000000082300000, 0x0000000082300000| Untracked 
|  14|0x0000000082400000, 0x0000000082500000, 0x0000000082500000|100%| O|  |TAMS 0x0000000082400000, 0x0000000082400000| Untracked 
|  15|0x0000000082500000, 0x0000000082600000, 0x0000000082600000|100%| O|  |TAMS 0x0000000082500000, 0x0000000082500000| Untracked 
|  16|0x0000000082600000, 0x0000000082700000, 0x0000000082700000|100%| O|  |TAMS 0x0000000082600000, 0x0000000082600000| Untracked 
|  17|0x0000000082700000, 0x0000000082800000, 0x0000000082800000|100%| O|  |TAMS 0x0000000082700000, 0x0000000082700000| Untracked 
|  18|0x0000000082800000, 0x0000000082900000, 0x0000000082900000|100%| O|  |TAMS 0x0000000082800000, 0x0000000082800000| Untracked 
|  19|0x0000000082900000, 0x0000000082a00000, 0x0000000082a00000|100%| O|  |TAMS 0x0000000082900000, 0x0000000082900000| Untracked 
|  20|0x0000000082a00000, 0x0000000082b00000, 0x0000000082b00000|100%| O|  |TAMS 0x0000000082a00000, 0x0000000082a00000| Untracked 
|  21|0x0000000082b00000, 0x0000000082bcee00, 0x0000000082c00000| 80%| O|  |TAMS 0x0000000082b00000, 0x0000000082b00000| Untracked 
|  22|0x0000000082c00000, 0x0000000082c00000, 0x0000000082d00000|  0%| F|  |TAMS 0x0000000082c00000, 0x0000000082c00000| Untracked 
|  23|0x0000000082d00000, 0x0000000082d00000, 0x0000000082e00000|  0%| F|  |TAMS 0x0000000082d00000, 0x0000000082d00000| Untracked 
|  24|0x0000000082e00000, 0x0000000082e00000, 0x0000000082f00000|  0%| F|  |TAMS 0x0000000082e00000, 0x0000000082e00000| Untracked 
|  25|0x0000000082f00000, 0x0000000082f00000, 0x0000000083000000|  0%| F|  |TAMS 0x0000000082f00000, 0x0000000082f00000| Untracked 
|  26|0x0000000083000000, 0x0000000083000000, 0x0000000083100000|  0%| F|  |TAMS 0x0000000083000000, 0x0000000083000000| Untracked 
|  27|0x0000000083100000, 0x0000000083100000, 0x0000000083200000|  0%| F|  |TAMS 0x0000000083100000, 0x0000000083100000| Untracked 
|  28|0x0000000083200000, 0x0000000083200000, 0x0000000083300000|  0%| F|  |TAMS 0x0000000083200000, 0x0000000083200000| Untracked 
|  29|0x0000000083300000, 0x0000000083300000, 0x0000000083400000|  0%| F|  |TAMS 0x0000000083300000, 0x0000000083300000| Untracked 
|  30|0x0000000083400000, 0x0000000083400000, 0x0000000083500000|  0%| F|  |TAMS 0x0000000083400000, 0x0000000083400000| Untracked 
|  31|0x0000000083500000, 0x0000000083500000, 0x0000000083600000|  0%| F|  |TAMS 0x0000000083500000, 0x0000000083500000| Untracked 
|  32|0x0000000083600000, 0x0000000083600000, 0x0000000083700000|  0%| F|  |TAMS 0x0000000083600000, 0x0000000083600000| Untracked 
|  33|0x0000000083700000, 0x0000000083700000, 0x0000000083800000|  0%| F|  |TAMS 0x0000000083700000, 0x0000000083700000| Untracked 
|  34|0x0000000083800000, 0x0000000083800000, 0x0000000083900000|  0%| F|  |TAMS 0x0000000083800000, 0x0000000083800000| Untracked 
|  35|0x0000000083900000, 0x0000000083a00000, 0x0000000083a00000|100%| S|CS|TAMS 0x0000000083900000, 0x0000000083900000| Complete 
|  36|0x0000000083a00000, 0x0000000083b00000, 0x0000000083b00000|100%| S|CS|TAMS 0x0000000083a00000, 0x0000000083a00000| Complete 
|  37|0x0000000083b00000, 0x0000000083b00000, 0x0000000083c00000|  0%| F|  |TAMS 0x0000000083b00000, 0x0000000083b00000| Untracked 
|  38|0x0000000083c00000, 0x0000000083c00000, 0x0000000083d00000|  0%| F|  |TAMS 0x0000000083c00000, 0x0000000083c00000| Untracked 
|  39|0x0000000083d00000, 0x0000000083e00000, 0x0000000083e00000|100%| S|CS|TAMS 0x0000000083d00000, 0x0000000083d00000| Complete 
|  40|0x0000000083e00000, 0x0000000083e00000, 0x0000000083f00000|  0%| F|  |TAMS 0x0000000083e00000, 0x0000000083e00000| Untracked 
|  41|0x0000000083f00000, 0x0000000083f00000, 0x0000000084000000|  0%| F|  |TAMS 0x0000000083f00000, 0x0000000083f00000| Untracked 
|  42|0x0000000084000000, 0x0000000084000000, 0x0000000084100000|  0%| F|  |TAMS 0x0000000084000000, 0x0000000084000000| Untracked 
|  43|0x0000000084100000, 0x0000000084100000, 0x0000000084200000|  0%| F|  |TAMS 0x0000000084100000, 0x0000000084100000| Untracked 
|  44|0x0000000084200000, 0x0000000084200000, 0x0000000084300000|  0%| F|  |TAMS 0x0000000084200000, 0x0000000084200000| Untracked 
|  45|0x0000000084300000, 0x0000000084300000, 0x0000000084400000|  0%| F|  |TAMS 0x0000000084300000, 0x0000000084300000| Untracked 
|  46|0x0000000084400000, 0x0000000084400000, 0x0000000084500000|  0%| F|  |TAMS 0x0000000084400000, 0x0000000084400000| Untracked 
|  47|0x0000000084500000, 0x0000000084500000, 0x0000000084600000|  0%| F|  |TAMS 0x0000000084500000, 0x0000000084500000| Untracked 
|  48|0x0000000084600000, 0x0000000084600000, 0x0000000084700000|  0%| F|  |TAMS 0x0000000084600000, 0x0000000084600000| Untracked 
|  49|0x0000000084700000, 0x0000000084700000, 0x0000000084800000|  0%| F|  |TAMS 0x0000000084700000, 0x0000000084700000| Untracked 
|  50|0x0000000084800000, 0x0000000084800000, 0x0000000084900000|  0%| F|  |TAMS 0x0000000084800000, 0x0000000084800000| Untracked 
|  51|0x0000000084900000, 0x0000000084900000, 0x0000000084a00000|  0%| F|  |TAMS 0x0000000084900000, 0x0000000084900000| Untracked 
|  52|0x0000000084a00000, 0x0000000084a00000, 0x0000000084b00000|  0%| F|  |TAMS 0x0000000084a00000, 0x0000000084a00000| Untracked 
|  53|0x0000000084b00000, 0x0000000084b00000, 0x0000000084c00000|  0%| F|  |TAMS 0x0000000084b00000, 0x0000000084b00000| Untracked 
|  54|0x0000000084c00000, 0x0000000084c00000, 0x0000000084d00000|  0%| F|  |TAMS 0x0000000084c00000, 0x0000000084c00000| Untracked 
|  55|0x0000000084d00000, 0x0000000084d00000, 0x0000000084e00000|  0%| F|  |TAMS 0x0000000084d00000, 0x0000000084d00000| Untracked 
|  56|0x0000000084e00000, 0x0000000084e00000, 0x0000000084f00000|  0%| F|  |TAMS 0x0000000084e00000, 0x0000000084e00000| Untracked 
|  57|0x0000000084f00000, 0x0000000084f00000, 0x0000000085000000|  0%| F|  |TAMS 0x0000000084f00000, 0x0000000084f00000| Untracked 
|  58|0x0000000085000000, 0x0000000085000000, 0x0000000085100000|  0%| F|  |TAMS 0x0000000085000000, 0x0000000085000000| Untracked 
|  59|0x0000000085100000, 0x0000000085100000, 0x0000000085200000|  0%| F|  |TAMS 0x0000000085100000, 0x0000000085100000| Untracked 
|  60|0x0000000085200000, 0x0000000085200000, 0x0000000085300000|  0%| F|  |TAMS 0x0000000085200000, 0x0000000085200000| Untracked 
|  61|0x0000000085300000, 0x0000000085300000, 0x0000000085400000|  0%| F|  |TAMS 0x0000000085300000, 0x0000000085300000| Untracked 
|  62|0x0000000085400000, 0x0000000085400000, 0x0000000085500000|  0%| F|  |TAMS 0x0000000085400000, 0x0000000085400000| Untracked 
|  63|0x0000000085500000, 0x0000000085500000, 0x0000000085600000|  0%| F|  |TAMS 0x0000000085500000, 0x0000000085500000| Untracked 
|  64|0x0000000085600000, 0x0000000085600000, 0x0000000085700000|  0%| F|  |TAMS 0x0000000085600000, 0x0000000085600000| Untracked 
|  65|0x0000000085700000, 0x0000000085700000, 0x0000000085800000|  0%| F|  |TAMS 0x0000000085700000, 0x0000000085700000| Untracked 
|  66|0x0000000085800000, 0x0000000085800000, 0x0000000085900000|  0%| F|  |TAMS 0x0000000085800000, 0x0000000085800000| Untracked 
|  67|0x0000000085900000, 0x0000000085900000, 0x0000000085a00000|  0%| F|  |TAMS 0x0000000085900000, 0x0000000085900000| Untracked 
|  68|0x0000000085a00000, 0x0000000085a00000, 0x0000000085b00000|  0%| F|  |TAMS 0x0000000085a00000, 0x0000000085a00000| Untracked 
|  69|0x0000000085b00000, 0x0000000085b00000, 0x0000000085c00000|  0%| F|  |TAMS 0x0000000085b00000, 0x0000000085b00000| Untracked 
|  70|0x0000000085c00000, 0x0000000085c00000, 0x0000000085d00000|  0%| F|  |TAMS 0x0000000085c00000, 0x0000000085c00000| Untracked 
|  71|0x0000000085d00000, 0x0000000085d00000, 0x0000000085e00000|  0%| F|  |TAMS 0x0000000085d00000, 0x0000000085d00000| Untracked 
|  72|0x0000000085e00000, 0x0000000085e00000, 0x0000000085f00000|  0%| F|  |TAMS 0x0000000085e00000, 0x0000000085e00000| Untracked 
|  73|0x0000000085f00000, 0x0000000085f00000, 0x0000000086000000|  0%| F|  |TAMS 0x0000000085f00000, 0x0000000085f00000| Untracked 
|  74|0x0000000086000000, 0x0000000086000000, 0x0000000086100000|  0%| F|  |TAMS 0x0000000086000000, 0x0000000086000000| Untracked 
|  75|0x0000000086100000, 0x0000000086100000, 0x0000000086200000|  0%| F|  |TAMS 0x0000000086100000, 0x0000000086100000| Untracked 
|  76|0x0000000086200000, 0x0000000086200000, 0x0000000086300000|  0%| F|  |TAMS 0x0000000086200000, 0x0000000086200000| Untracked 
|  77|0x0000000086300000, 0x0000000086300000, 0x0000000086400000|  0%| F|  |TAMS 0x0000000086300000, 0x0000000086300000| Untracked 
|  78|0x0000000086400000, 0x0000000086400000, 0x0000000086500000|  0%| F|  |TAMS 0x0000000086400000, 0x0000000086400000| Untracked 
|  79|0x0000000086500000, 0x0000000086500000, 0x0000000086600000|  0%| F|  |TAMS 0x0000000086500000, 0x0000000086500000| Untracked 
|  80|0x0000000086600000, 0x0000000086600000, 0x0000000086700000|  0%| F|  |TAMS 0x0000000086600000, 0x0000000086600000| Untracked 
|  81|0x0000000086700000, 0x0000000086700000, 0x0000000086800000|  0%| F|  |TAMS 0x0000000086700000, 0x0000000086700000| Untracked 
|  82|0x0000000086800000, 0x0000000086800000, 0x0000000086900000|  0%| F|  |TAMS 0x0000000086800000, 0x0000000086800000| Untracked 
|  83|0x0000000086900000, 0x0000000086900000, 0x0000000086a00000|  0%| F|  |TAMS 0x0000000086900000, 0x0000000086900000| Untracked 
|  84|0x0000000086a00000, 0x0000000086a00000, 0x0000000086b00000|  0%| F|  |TAMS 0x0000000086a00000, 0x0000000086a00000| Untracked 
|  85|0x0000000086b00000, 0x0000000086b00000, 0x0000000086c00000|  0%| F|  |TAMS 0x0000000086b00000, 0x0000000086b00000| Untracked 
|  86|0x0000000086c00000, 0x0000000086c00000, 0x0000000086d00000|  0%| F|  |TAMS 0x0000000086c00000, 0x0000000086c00000| Untracked 
|  87|0x0000000086d00000, 0x0000000086d00000, 0x0000000086e00000|  0%| F|  |TAMS 0x0000000086d00000, 0x0000000086d00000| Untracked 
|  88|0x0000000086e00000, 0x0000000086e00000, 0x0000000086f00000|  0%| F|  |TAMS 0x0000000086e00000, 0x0000000086e00000| Untracked 
|  89|0x0000000086f00000, 0x0000000086f00000, 0x0000000087000000|  0%| F|  |TAMS 0x0000000086f00000, 0x0000000086f00000| Untracked 
|  90|0x0000000087000000, 0x0000000087000000, 0x0000000087100000|  0%| F|  |TAMS 0x0000000087000000, 0x0000000087000000| Untracked 
|  91|0x0000000087100000, 0x0000000087100000, 0x0000000087200000|  0%| F|  |TAMS 0x0000000087100000, 0x0000000087100000| Untracked 
|  92|0x0000000087200000, 0x0000000087200000, 0x0000000087300000|  0%| F|  |TAMS 0x0000000087200000, 0x0000000087200000| Untracked 
|  93|0x0000000087300000, 0x0000000087300000, 0x0000000087400000|  0%| F|  |TAMS 0x0000000087300000, 0x0000000087300000| Untracked 
|  94|0x0000000087400000, 0x0000000087400000, 0x0000000087500000|  0%| F|  |TAMS 0x0000000087400000, 0x0000000087400000| Untracked 
|  95|0x0000000087500000, 0x0000000087500000, 0x0000000087600000|  0%| F|  |TAMS 0x0000000087500000, 0x0000000087500000| Untracked 
|  96|0x0000000087600000, 0x0000000087600000, 0x0000000087700000|  0%| F|  |TAMS 0x0000000087600000, 0x0000000087600000| Untracked 
|  97|0x0000000087700000, 0x0000000087700000, 0x0000000087800000|  0%| F|  |TAMS 0x0000000087700000, 0x0000000087700000| Untracked 
|  98|0x0000000087800000, 0x0000000087800000, 0x0000000087900000|  0%| F|  |TAMS 0x0000000087800000, 0x0000000087800000| Untracked 
|  99|0x0000000087900000, 0x0000000087900000, 0x0000000087a00000|  0%| F|  |TAMS 0x0000000087900000, 0x0000000087900000| Untracked 
| 100|0x0000000087a00000, 0x0000000087a00000, 0x0000000087b00000|  0%| F|  |TAMS 0x0000000087a00000, 0x0000000087a00000| Untracked 
| 101|0x0000000087b00000, 0x0000000087b00000, 0x0000000087c00000|  0%| F|  |TAMS 0x0000000087b00000, 0x0000000087b00000| Untracked 
| 102|0x0000000087c00000, 0x0000000087c00000, 0x0000000087d00000|  0%| F|  |TAMS 0x0000000087c00000, 0x0000000087c00000| Untracked 
| 103|0x0000000087d00000, 0x0000000087d00000, 0x0000000087e00000|  0%| F|  |TAMS 0x0000000087d00000, 0x0000000087d00000| Untracked 
| 104|0x0000000087e00000, 0x0000000087e00000, 0x0000000087f00000|  0%| F|  |TAMS 0x0000000087e00000, 0x0000000087e00000| Untracked 
| 105|0x0000000087f00000, 0x0000000087f00000, 0x0000000088000000|  0%| F|  |TAMS 0x0000000087f00000, 0x0000000087f00000| Untracked 
| 106|0x0000000088000000, 0x0000000088000000, 0x0000000088100000|  0%| F|  |TAMS 0x0000000088000000, 0x0000000088000000| Untracked 
| 107|0x0000000088100000, 0x0000000088100000, 0x0000000088200000|  0%| F|  |TAMS 0x0000000088100000, 0x0000000088100000| Untracked 
| 108|0x0000000088200000, 0x0000000088200000, 0x0000000088300000|  0%| F|  |TAMS 0x0000000088200000, 0x0000000088200000| Untracked 
| 109|0x0000000088300000, 0x0000000088300000, 0x0000000088400000|  0%| F|  |TAMS 0x0000000088300000, 0x0000000088300000| Untracked 
| 110|0x0000000088400000, 0x0000000088400000, 0x0000000088500000|  0%| F|  |TAMS 0x0000000088400000, 0x0000000088400000| Untracked 
| 111|0x0000000088500000, 0x0000000088500000, 0x0000000088600000|  0%| F|  |TAMS 0x0000000088500000, 0x0000000088500000| Untracked 
| 112|0x0000000088600000, 0x0000000088600000, 0x0000000088700000|  0%| F|  |TAMS 0x0000000088600000, 0x0000000088600000| Untracked 
| 113|0x0000000088700000, 0x0000000088700000, 0x0000000088800000|  0%| F|  |TAMS 0x0000000088700000, 0x0000000088700000| Untracked 
| 114|0x0000000088800000, 0x0000000088800000, 0x0000000088900000|  0%| F|  |TAMS 0x0000000088800000, 0x0000000088800000| Untracked 
| 115|0x0000000088900000, 0x0000000088900000, 0x0000000088a00000|  0%| F|  |TAMS 0x0000000088900000, 0x0000000088900000| Untracked 
| 116|0x0000000088a00000, 0x0000000088a00000, 0x0000000088b00000|  0%| F|  |TAMS 0x0000000088a00000, 0x0000000088a00000| Untracked 
| 117|0x0000000088b00000, 0x0000000088b00000, 0x0000000088c00000|  0%| F|  |TAMS 0x0000000088b00000, 0x0000000088b00000| Untracked 
| 118|0x0000000088c00000, 0x0000000088c00000, 0x0000000088d00000|  0%| F|  |TAMS 0x0000000088c00000, 0x0000000088c00000| Untracked 
| 119|0x0000000088d00000, 0x0000000088d00000, 0x0000000088e00000|  0%| F|  |TAMS 0x0000000088d00000, 0x0000000088d00000| Untracked 
| 120|0x0000000088e00000, 0x0000000088e00000, 0x0000000088f00000|  0%| F|  |TAMS 0x0000000088e00000, 0x0000000088e00000| Untracked 
| 121|0x0000000088f00000, 0x0000000088f00000, 0x0000000089000000|  0%| F|  |TAMS 0x0000000088f00000, 0x0000000088f00000| Untracked 
| 122|0x0000000089000000, 0x0000000089000000, 0x0000000089100000|  0%| F|  |TAMS 0x0000000089000000, 0x0000000089000000| Untracked 
| 123|0x0000000089100000, 0x0000000089100000, 0x0000000089200000|  0%| F|  |TAMS 0x0000000089100000, 0x0000000089100000| Untracked 
| 124|0x0000000089200000, 0x0000000089200000, 0x0000000089300000|  0%| F|  |TAMS 0x0000000089200000, 0x0000000089200000| Untracked 
| 125|0x0000000089300000, 0x0000000089300000, 0x0000000089400000|  0%| F|  |TAMS 0x0000000089300000, 0x0000000089300000| Untracked 
| 126|0x0000000089400000, 0x0000000089400000, 0x0000000089500000|  0%| F|  |TAMS 0x0000000089400000, 0x0000000089400000| Untracked 
| 127|0x0000000089500000, 0x0000000089500000, 0x0000000089600000|  0%| F|  |TAMS 0x0000000089500000, 0x0000000089500000| Untracked 
|2022|0x00000000ffc00000, 0x00000000ffd00000, 0x00000000ffd00000|100%| O|  |TAMS 0x00000000ffd00000, 0x00000000ffc00000| Untracked 
|2023|0x00000000ffd00000, 0x00000000ffe00000, 0x00000000ffe00000|100%| O|  |TAMS 0x00000000ffe00000, 0x00000000ffd00000| Untracked 
|2024|0x00000000ffe00000, 0x00000000fff00000, 0x00000000fff00000|100%| O|  |TAMS 0x00000000fff00000, 0x00000000ffe00000| Untracked 
|2025|0x00000000fff00000, 0x0000000100000000, 0x0000000100000000|100%| O|  |TAMS 0x0000000100000000, 0x00000000fff00000| Untracked 

Card table byte_map: [0x00000241f9bc0000,0x00000241f9fc0000] _byte_map_base: 0x00000241f97b5000

Marking Bits (Prev, Next): (CMBitMap*) 0x00000241e12803a0, (CMBitMap*) 0x00000241e1280360
 Prev Bits: [0x00000241fc370000, 0x00000241fe318000)
 Next Bits: [0x00000241fa3c0000, 0x00000241fc368000)

Polling page: 0x00000241e10f0000

Metaspace:

Usage:
  Non-class:     50.35 MB used.
      Class:      8.24 MB used.
       Both:     58.58 MB used.

Virtual space:
  Non-class space:       56.00 MB reserved,      50.50 MB ( 90%) committed,  7 nodes.
      Class space:        1.00 GB reserved,       8.44 MB ( <1%) committed,  1 nodes.
              Both:        1.05 GB reserved,      58.94 MB (  5%) committed. 

Chunk freelists:
   Non-Class:  1.44 MB
       Class:  3.41 MB
        Both:  4.85 MB

MaxMetaspaceSize: 17179869184.00 GB
CompressedClassSpaceSize: 1.00 GB
 - commit_granule_bytes: 65536.
 - commit_granule_words: 8192.
 - virtual_space_node_default_size: 1048576.
 - enlarge_chunks_in_place: 1.
 - new_chunks_are_fully_committed: 0.
 - uncommit_free_chunks: 1.
 - use_allocation_guard: 0.
 - handle_deallocations: 1.


Internal statistics:

num_allocs_failed_limit: 9.
num_arena_births: 452.
num_arena_deaths: 0.
num_vsnodes_births: 8.
num_vsnodes_deaths: 0.
num_space_committed: 943.
num_space_uncommitted: 0.
num_chunks_returned_to_freelist: 9.
num_chunks_taken_from_freelist: 2563.
num_chunk_merges: 9.
num_chunk_splits: 1868.
num_chunks_enlarged: 1491.
num_purges: 0.

CodeHeap 'non-profiled nmethods': size=238912Kb used=8221Kb max_used=8221Kb free=230690Kb
 bounds [0x00000241ea850000, 0x00000241eb060000, 0x00000241f91a0000]
CodeHeap 'non-nmethods': size=6848Kb used=1343Kb max_used=1343Kb free=5504Kb
 bounds [0x00000241ea1a0000, 0x00000241ea410000, 0x00000241ea850000]
 total_blobs=5793 nmethods=5118 adapters=602
 compilation: enabled
              stopped_count=0, restarted_count=0
 full_count=0

Compilation events (20 events):
Event: 18.276 Thread 0x00000241fe952410 nmethod 5109 0x00000241eb053990 code [0x00000241eb053b20, 0x00000241eb053bf8]
Event: 18.276 Thread 0x00000241fe952410 5110       1       org.apache.tomcat.util.http.MimeHeaders::getName (26 bytes)
Event: 18.276 Thread 0x00000241fe952410 nmethod 5110 0x00000241eb053c90 code [0x00000241eb053e40, 0x00000241eb053f78]
Event: 18.276 Thread 0x00000241fe952410 5111       1       org.apache.tomcat.util.buf.AbstractChunk::getEnd (5 bytes)
Event: 18.276 Thread 0x00000241fe952410 nmethod 5111 0x00000241eb054090 code [0x00000241eb054220, 0x00000241eb0542f8]
Event: 18.276 Thread 0x00000241fe952410 5112       1       java.util.concurrent.locks.ReentrantReadWriteLock::readLock (5 bytes)
Event: 18.276 Thread 0x00000241fe952410 nmethod 5112 0x00000241eb054390 code [0x00000241eb054520, 0x00000241eb0545f8]
Event: 18.276 Thread 0x00000241fe952410 5113       1       org.apache.tomcat.util.buf.MessageBytes::toString (88 bytes)
Event: 18.277 Thread 0x00000241fe952410 nmethod 5113 0x00000241eb054690 code [0x00000241eb054860, 0x00000241eb054bb8]
Event: 18.277 Thread 0x00000241fe952410 5114       1       org.springframework.util.MimeType::getSubtype (5 bytes)
Event: 18.277 Thread 0x00000241fe952410 nmethod 5114 0x00000241eb054d10 code [0x00000241eb054ea0, 0x00000241eb054f78]
Event: 18.278 Thread 0x00000241fe952410 5115       1       java.lang.reflect.ProxyGenerator::generateStaticInitializer (342 bytes)
Event: 18.278 Thread 0x00000241fe952410 nmethod 5115 0x00000241eb055010 code [0x00000241eb0553a0, 0x00000241eb055e48]
Event: 18.278 Thread 0x00000241fe952410 5116   !   1       jdk.proxy1.$Proxy3::annotationType (29 bytes)
Event: 18.279 Thread 0x00000241fe952410 nmethod 5116 0x00000241eb056410 code [0x00000241eb0565c0, 0x00000241eb056818]
Event: 18.289 Thread 0x00000241fe952410 5117       1       org.springframework.core.io.ResourceEditor::<init> (8 bytes)
Event: 18.290 Thread 0x00000241fe952410 nmethod 5117 0x00000241eb056990 code [0x00000241eb056b40, 0x00000241eb056e08]
Event: 18.290 Thread 0x00000241fe952410 5118       1       org.springframework.core.io.ResourceEditor::<init> (26 bytes)
Event: 18.290 Thread 0x00000241fe952410 nmethod 5118 0x00000241eb056f10 code [0x00000241eb0570c0, 0x00000241eb057388]
Event: 18.292 Thread 0x00000241fe952410 5119       1       java.util.Calendar::isFieldSet (14 bytes)

GC Heap History (20 events):
Event: 2.066 GC heap after
{Heap after GC invocations=5 (full 0):
 garbage-first heap   total 131072K, used 12509K [0x0000000081600000, 0x0000000100000000)
  region size 1024K, 7 young (7168K), 7 survivors (7168K)
 Metaspace       used 21014K, committed 21248K, reserved 1073152K
  class space    used 2942K, committed 3072K, reserved 1048576K
}
Event: 2.630 GC heap before
{Heap before GC invocations=6 (full 0):
 garbage-first heap   total 48128K, used 46301K [0x0000000081600000, 0x0000000100000000)
  region size 1024K, 41 young (41984K), 7 survivors (7168K)
 Metaspace       used 25558K, committed 25920K, reserved 1073152K
  class space    used 3600K, committed 3776K, reserved 1048576K
}
Event: 2.641 GC heap after
{Heap after GC invocations=7 (full 0):
 garbage-first heap   total 58368K, used 15080K [0x0000000081600000, 0x0000000100000000)
  region size 1024K, 6 young (6144K), 6 survivors (6144K)
 Metaspace       used 25558K, committed 25920K, reserved 1073152K
  class space    used 3600K, committed 3776K, reserved 1048576K
}
Event: 2.646 GC heap before
{Heap before GC invocations=7 (full 0):
 garbage-first heap   total 58368K, used 41704K [0x0000000081600000, 0x0000000100000000)
  region size 1024K, 33 young (33792K), 6 survivors (6144K)
 Metaspace       used 25558K, committed 25920K, reserved 1073152K
  class space    used 3600K, committed 3776K, reserved 1048576K
}
Event: 2.651 GC heap after
{Heap after GC invocations=8 (full 0):
 garbage-first heap   total 71680K, used 15283K [0x0000000081600000, 0x0000000100000000)
  region size 1024K, 1 young (1024K), 1 survivors (1024K)
 Metaspace       used 25558K, committed 25920K, reserved 1073152K
  class space    used 3600K, committed 3776K, reserved 1048576K
}
Event: 2.732 GC heap before
{Heap before GC invocations=8 (full 0):
 garbage-first heap   total 71680K, used 54195K [0x0000000081600000, 0x0000000100000000)
  region size 1024K, 40 young (40960K), 1 survivors (1024K)
 Metaspace       used 26240K, committed 26624K, reserved 1073152K
  class space    used 3661K, committed 3840K, reserved 1048576K
}
Event: 2.734 GC heap after
{Heap after GC invocations=9 (full 0):
 garbage-first heap   total 71680K, used 15462K [0x0000000081600000, 0x0000000100000000)
  region size 1024K, 1 young (1024K), 1 survivors (1024K)
 Metaspace       used 26240K, committed 26624K, reserved 1073152K
  class space    used 3661K, committed 3840K, reserved 1048576K
}
Event: 3.393 GC heap before
{Heap before GC invocations=9 (full 0):
 garbage-first heap   total 71680K, used 55398K [0x0000000081600000, 0x0000000100000000)
  region size 1024K, 41 young (41984K), 1 survivors (1024K)
 Metaspace       used 33955K, committed 34368K, reserved 1081344K
  class space    used 4802K, committed 4992K, reserved 1048576K
}
Event: 3.397 GC heap after
{Heap after GC invocations=10 (full 0):
 garbage-first heap   total 71680K, used 17322K [0x0000000081600000, 0x0000000100000000)
  region size 1024K, 3 young (3072K), 3 survivors (3072K)
 Metaspace       used 33955K, committed 34368K, reserved 1081344K
  class space    used 4802K, committed 4992K, reserved 1048576K
}
Event: 3.461 GC heap before
{Heap before GC invocations=10 (full 0):
 garbage-first heap   total 71680K, used 19370K [0x0000000081600000, 0x0000000100000000)
  region size 1024K, 6 young (6144K), 3 survivors (3072K)
 Metaspace       used 35175K, committed 35520K, reserved 1081344K
  class space    used 4943K, committed 5120K, reserved 1048576K
}
Event: 3.465 GC heap after
{Heap after GC invocations=11 (full 0):
 garbage-first heap   total 71680K, used 18636K [0x0000000081600000, 0x0000000100000000)
  region size 1024K, 4 young (4096K), 4 survivors (4096K)
 Metaspace       used 35175K, committed 35520K, reserved 1081344K
  class space    used 4943K, committed 5120K, reserved 1048576K
}
Event: 3.888 GC heap before
{Heap before GC invocations=12 (full 0):
 garbage-first heap   total 71680K, used 45260K [0x0000000081600000, 0x0000000100000000)
  region size 1024K, 30 young (30720K), 4 survivors (4096K)
 Metaspace       used 41473K, committed 41792K, reserved 1089536K
  class space    used 5828K, committed 5952K, reserved 1048576K
}
Event: 3.894 GC heap after
{Heap after GC invocations=13 (full 0):
 garbage-first heap   total 71680K, used 20954K [0x0000000081600000, 0x0000000100000000)
  region size 1024K, 4 young (4096K), 4 survivors (4096K)
 Metaspace       used 41473K, committed 41792K, reserved 1089536K
  class space    used 5828K, committed 5952K, reserved 1048576K
}
Event: 4.280 GC heap before
{Heap before GC invocations=14 (full 0):
 garbage-first heap   total 71680K, used 47578K [0x0000000081600000, 0x0000000100000000)
  region size 1024K, 30 young (30720K), 4 survivors (4096K)
 Metaspace       used 45434K, committed 45824K, reserved 1089536K
  class space    used 6423K, committed 6592K, reserved 1048576K
}
Event: 4.285 GC heap after
{Heap after GC invocations=15 (full 0):
 garbage-first heap   total 71680K, used 21969K [0x0000000081600000, 0x0000000100000000)
  region size 1024K, 2 young (2048K), 2 survivors (2048K)
 Metaspace       used 45434K, committed 45824K, reserved 1089536K
  class space    used 6423K, committed 6592K, reserved 1048576K
}
Event: 5.102 GC heap before
{Heap before GC invocations=15 (full 0):
 garbage-first heap   total 71680K, used 49617K [0x0000000081600000, 0x0000000100000000)
  region size 1024K, 29 young (29696K), 2 survivors (2048K)
 Metaspace       used 50577K, committed 50944K, reserved 1097728K
  class space    used 7196K, committed 7360K, reserved 1048576K
}
Event: 5.106 GC heap after
{Heap after GC invocations=16 (full 0):
 garbage-first heap   total 71680K, used 23748K [0x0000000081600000, 0x0000000100000000)
  region size 1024K, 3 young (3072K), 3 survivors (3072K)
 Metaspace       used 50577K, committed 50944K, reserved 1097728K
  class space    used 7196K, committed 7360K, reserved 1048576K
}
Event: 5.550 GC heap before
{Heap before GC invocations=16 (full 0):
 garbage-first heap   total 71680K, used 51396K [0x0000000081600000, 0x0000000100000000)
  region size 1024K, 30 young (30720K), 3 survivors (3072K)
 Metaspace       used 53856K, committed 54272K, reserved 1097728K
  class space    used 7671K, committed 7872K, reserved 1048576K
}
Event: 5.557 GC heap after
{Heap after GC invocations=17 (full 0):
 garbage-first heap   total 71680K, used 26476K [0x0000000081600000, 0x0000000100000000)
  region size 1024K, 4 young (4096K), 4 survivors (4096K)
 Metaspace       used 53856K, committed 54272K, reserved 1097728K
  class space    used 7671K, committed 7872K, reserved 1048576K
}
Event: 18.292 GC heap before
{Heap before GC invocations=17 (full 0):
 garbage-first heap   total 71680K, used 53100K [0x0000000081600000, 0x0000000100000000)
  region size 1024K, 30 young (30720K), 4 survivors (4096K)
 Metaspace       used 59991K, committed 60352K, reserved 1105920K
  class space    used 8437K, committed 8640K, reserved 1048576K
}

Deoptimization events (10 events):
Event: 1.882 Thread 0x00000241ffb74e80 DEOPT PACKING pc=0x00000241eaad9bd4 sp=0x0000006f7ccfccd0
Event: 1.882 Thread 0x00000241ffb74e80 DEOPT UNPACKING pc=0x00000241ea1edece sp=0x0000006f7ccfc228 mode 0
Event: 2.835 Thread 0x000002418355f920 DEOPT PACKING pc=0x00000241eab77997 sp=0x0000006f7cffe9c0
Event: 2.835 Thread 0x00000241ffb74e80 DEOPT PACKING pc=0x00000241eaaa7401 sp=0x0000006f7ccfdd40
Event: 2.835 Thread 0x00000241ffb74e80 DEOPT UNPACKING pc=0x00000241ea1edece sp=0x0000006f7ccfd1d0 mode 3
Event: 2.835 Thread 0x000002418355f920 DEOPT UNPACKING pc=0x00000241ea1edece sp=0x0000006f7cffde18 mode 3
Event: 5.191 Thread 0x00000241ffb74e80 DEOPT PACKING pc=0x00000241eaafcd6a sp=0x0000006f7ccfd340
Event: 5.191 Thread 0x00000241ffb74e80 DEOPT UNPACKING pc=0x00000241ea1edece sp=0x0000006f7ccfc848 mode 3
Event: 5.408 Thread 0x00000241ffb74e80 DEOPT PACKING pc=0x00000241eaaeaecd sp=0x0000006f7ccfd320
Event: 5.408 Thread 0x00000241ffb74e80 DEOPT UNPACKING pc=0x00000241ea1edece sp=0x0000006f7ccfc868 mode 3

Classes unloaded (0 events):
No events

Classes redefined (0 events):
No events

Internal exceptions (20 events):
Event: 5.170 Thread 0x00000241ffb74e80 Exception <a 'java/lang/reflect/InvocationTargetException'{0x000000008533db40}> (0x000000008533db40) 
thrown [t:\workspace\open\src\hotspot\share\runtime\reflection.cpp, line 1157]
Event: 5.172 Thread 0x00000241ffb74e80 Exception <a 'java/lang/reflect/InvocationTargetException'{0x0000000085348e78}> (0x0000000085348e78) 
thrown [t:\workspace\open\src\hotspot\share\runtime\reflection.cpp, line 1157]
Event: 5.185 Thread 0x00000241ffb74e80 Exception <a 'java/lang/NoSuchMethodError'{0x00000000852086f8}: 'java.lang.Object java.lang.invoke.DirectMethodHandle$Holder.invokeInterface(java.lang.Object, java.lang.Object, java.lang.Object, java.lang.Object)'> (0x00000000852086f8) 
thrown [t:\workspace\open\src\hotspot\share\interpreter\linkResolver.cpp, line 790]
Event: 5.215 Thread 0x00000241ffb74e80 Exception <a 'java/lang/ClassNotFoundException'{0x00000000851e6fe0}: java/lang/ObjectCustomizer> (0x00000000851e6fe0) 
thrown [t:\workspace\open\src\hotspot\share\classfile\systemDictionary.cpp, line 256]
Event: 5.216 Thread 0x00000241ffb74e80 Exception <a 'java/lang/ClassNotFoundException'{0x00000000851ef658}: org/springframework/web/servlet/config/annotation/WebMvcConfigurationSupportCustomizer> (0x00000000851ef658) 
thrown [t:\workspace\open\src\hotspot\share\classfile\systemDictionary.cpp, line 256]
Event: 5.216 Thread 0x00000241ffb74e80 Exception <a 'java/lang/ClassNotFoundException'{0x0000000085004098}: org/springframework/web/servlet/config/annotation/DelegatingWebMvcConfigurationCustomizer> (0x0000000085004098) 
thrown [t:\workspace\open\src\hotspot\share\classfile\systemDictionary.cpp, line 256]
Event: 5.217 Thread 0x00000241ffb74e80 Exception <a 'java/lang/ClassNotFoundException'{0x000000008500d9f0}: org/springframework/boot/autoconfigure/web/servlet/WebMvcAutoConfiguration$EnableWebMvcConfigurationCustomizer> (0x000000008500d9f0) 
thrown [t:\workspace\open\src\hotspot\share\classfile\systemDictionary.cpp, line 256]
Event: 5.218 Thread 0x00000241ffb74e80 Exception <a 'java/lang/ClassNotFoundException'{0x0000000085021720}: org/springframework/context/ResourceLoaderAwareCustomizer> (0x0000000085021720) 
thrown [t:\workspace\open\src\hotspot\share\classfile\systemDictionary.cpp, line 256]
Event: 5.219 Thread 0x00000241ffb74e80 Exception <a 'java/lang/ClassNotFoundException'{0x0000000085026b50}: org/springframework/beans/factory/AwareCustomizer> (0x0000000085026b50) 
thrown [t:\workspace\open\src\hotspot\share\classfile\systemDictionary.cpp, line 256]
Event: 5.220 Thread 0x00000241ffb74e80 Exception <a 'java/lang/ClassNotFoundException'{0x000000008502b3e0}: org/springframework/context/ApplicationContextAwareCustomizer> (0x000000008502b3e0) 
thrown [t:\workspace\open\src\hotspot\share\classfile\systemDictionary.cpp, line 256]
Event: 5.220 Thread 0x00000241ffb74e80 Exception <a 'java/lang/ClassNotFoundException'{0x00000000850313e0}: org/springframework/beans/factory/AwareCustomizer> (0x00000000850313e0) 
thrown [t:\workspace\open\src\hotspot\share\classfile\systemDictionary.cpp, line 256]
Event: 5.220 Thread 0x00000241ffb74e80 Exception <a 'java/lang/ClassNotFoundException'{0x0000000085035c48}: org/springframework/web/context/ServletContextAwareCustomizer> (0x0000000085035c48) 
thrown [t:\workspace\open\src\hotspot\share\classfile\systemDictionary.cpp, line 256]
Event: 5.221 Thread 0x00000241ffb74e80 Exception <a 'java/lang/ClassNotFoundException'{0x000000008503b4d0}: org/springframework/beans/factory/AwareCustomizer> (0x000000008503b4d0) 
thrown [t:\workspace\open\src\hotspot\share\classfile\systemDictionary.cpp, line 256]
Event: 5.319 Thread 0x00000241ffb74e80 Exception <a 'java/lang/NoSuchMethodError'{0x0000000084adbbc8}: 'void java.lang.invoke.DirectMethodHandle$Holder.invokeVirtual(java.lang.Object, java.lang.Object, int)'> (0x0000000084adbbc8) 
thrown [t:\workspace\open\src\hotspot\share\interpreter\linkResolver.cpp, line 790]
Event: 5.321 Thread 0x00000241ffb74e80 Exception <a 'java/lang/NoSuchMethodError'{0x0000000084af7378}: 'void java.lang.invoke.DirectMethodHandle$Holder.invokeVirtual(java.lang.Object, java.lang.Object, long)'> (0x0000000084af7378) 
thrown [t:\workspace\open\src\hotspot\share\interpreter\linkResolver.cpp, line 790]
Event: 5.417 Thread 0x00000241ffb74e80 Exception <a 'java/lang/IncompatibleClassChangeError'{0x0000000084440338}: Found class java.lang.Object, but interface was expected> (0x0000000084440338) 
thrown [t:\workspace\open\src\hotspot\share\interpreter\linkResolver.cpp, line 857]
Event: 5.566 Thread 0x00000241ffb74e80 Exception <a 'java/lang/NoSuchMethodError'{0x000000008959b1c8}: 'java.lang.Object java.lang.invoke.DirectMethodHandle$Holder.invokeSpecial(java.lang.Object, java.lang.Object, int, java.lang.Object, int, java.lang.Object)'> (0x000000008959b1c8) 
thrown [t:\workspace\open\src\hotspot\share\interpreter\linkResolver.cpp, line 790]
Event: 5.567 Thread 0x00000241ffb74e80 Exception <a 'java/lang/NoSuchMethodError'{0x00000000895a3830}: 'java.lang.Object java.lang.invoke.DirectMethodHandle$Holder.newInvokeSpecial(java.lang.Object, java.lang.Object, int, java.lang.Object, int)'> (0x00000000895a3830) 
thrown [t:\workspace\open\src\hotspot\share\interpreter\linkResolver.cpp, line 790]
Event: 5.567 Thread 0x00000241ffb74e80 Exception <a 'java/lang/NoSuchMethodError'{0x00000000895a7a40}: 'java.lang.Object java.lang.invoke.DirectMethodHandle$Holder.invokeSpecial(java.lang.Object, java.lang.Object, java.lang.Object, int, java.lang.Object, int)'> (0x00000000895a7a40) 
thrown [t:\workspace\open\src\hotspot\share\interpreter\linkResolver.cpp, line 790]
Event: 5.568 Thread 0x00000241ffb74e80 Exception <a 'java/lang/NoSuchMethodError'{0x00000000895b1e38}: 'void java.lang.invoke.DirectMethodHandle$Holder.invokeVirtual(java.lang.Object, java.lang.Object)'> (0x00000000895b1e38) 
thrown [t:\workspace\open\src\hotspot\share\interpreter\linkResolver.cpp, line 790]

Events (20 events):
Event: 17.712 Executing  VM operation: HandshakeAllThreads done
Event: 17.934 loading class java/util/concurrent/locks/ReentrantReadWriteLock$FairSync
Event: 17.934 loading class java/util/concurrent/locks/ReentrantReadWriteLock$FairSync done
Event: 17.999 loading class java/util/EnumMap$EntryIterator$Entry
Event: 17.999 loading class java/util/EnumMap$EntryIterator$Entry done
Event: 18.168 loading class java/nio/StringCharBuffer
Event: 18.168 loading class java/nio/StringCharBuffer done
Event: 18.168 loading class sun/nio/cs/ISO_8859_1$Encoder
Event: 18.168 loading class sun/nio/cs/ISO_8859_1$Encoder done
Event: 18.168 loading class sun/nio/cs/Surrogate$Parser
Event: 18.168 loading class sun/nio/cs/Surrogate$Parser done
Event: 18.168 loading class sun/nio/cs/Surrogate
Event: 18.168 loading class sun/nio/cs/Surrogate done
Event: 18.195 loading class java/util/concurrent/locks/ReentrantReadWriteLock$Sync$HoldCounter
Event: 18.195 loading class java/util/concurrent/locks/ReentrantReadWriteLock$Sync$HoldCounter done
Event: 18.209 loading class java/time/format/DateTimeFormatterBuilder$ZoneTextPrinterParser
Event: 18.210 loading class java/time/format/DateTimeFormatterBuilder$ZoneTextPrinterParser done
Event: 18.210 loading class java/time/format/DateTimeFormatterBuilder$ReducedPrinterParser
Event: 18.210 loading class java/time/format/DateTimeFormatterBuilder$ReducedPrinterParser done
Event: 18.292 Executing  VM operation: G1CollectForAllocation


Dynamic libraries:
0x00007ff775600000 - 0x00007ff77560e000 	C:\Users\ljrla\.jdks\openjdk-16.0.1\bin\java.exe
0x00007ff9f0f50000 - 0x00007ff9f1145000 	C:\Windows\SYSTEM32\ntdll.dll
0x00007ff9f09a0000 - 0x00007ff9f0a5d000 	C:\Windows\System32\KERNEL32.DLL
0x00007ff9ee690000 - 0x00007ff9ee959000 	C:\Windows\System32\KERNELBASE.dll
0x00007ff9eed70000 - 0x00007ff9eee70000 	C:\Windows\System32\ucrtbase.dll
0x00007ff9e6d70000 - 0x00007ff9e6d88000 	C:\Users\ljrla\.jdks\openjdk-16.0.1\bin\jli.dll
0x00007ff9f07a0000 - 0x00007ff9f0940000 	C:\Windows\System32\USER32.dll
0x00007ff9ee960000 - 0x00007ff9ee982000 	C:\Windows\System32\win32u.dll
0x00007ff9f0770000 - 0x00007ff9f079a000 	C:\Windows\System32\GDI32.dll
0x00007ff9eeaa0000 - 0x00007ff9eebab000 	C:\Windows\System32\gdi32full.dll
0x00007ff9eee70000 - 0x00007ff9eef0d000 	C:\Windows\System32\msvcp_win.dll
0x00007ff9e6d50000 - 0x00007ff9e6d69000 	C:\Users\ljrla\.jdks\openjdk-16.0.1\bin\VCRUNTIME140.dll
0x00007ff9d76a0000 - 0x00007ff9d793a000 	C:\Windows\WinSxS\amd64_microsoft.windows.common-controls_6595b64144ccf1df_6.0.19041.1110_none_60b5254171f9507e\COMCTL32.dll
0x00007ff9efb60000 - 0x00007ff9efbfe000 	C:\Windows\System32\msvcrt.dll
0x00007ff9f0e20000 - 0x00007ff9f0e50000 	C:\Windows\System32\IMM32.DLL
0x00007ff9e6c40000 - 0x00007ff9e6c4c000 	C:\Users\ljrla\.jdks\openjdk-16.0.1\bin\vcruntime140_1.dll
0x00007ff9c63e0000 - 0x00007ff9c6471000 	C:\Users\ljrla\.jdks\openjdk-16.0.1\bin\msvcp140.dll
0x00007ff9add40000 - 0x00007ff9ae8eb000 	C:\Users\ljrla\.jdks\openjdk-16.0.1\bin\server\jvm.dll
0x00007ff9efc10000 - 0x00007ff9efcbc000 	C:\Windows\System32\ADVAPI32.dll
0x00007ff9f0ac0000 - 0x00007ff9f0b5b000 	C:\Windows\System32\sechost.dll
0x00007ff9ef8f0000 - 0x00007ff9efa1a000 	C:\Windows\System32\RPCRT4.dll
0x00007ff9efc00000 - 0x00007ff9efc08000 	C:\Windows\System32\PSAPI.DLL
0x00007ff9e6d10000 - 0x00007ff9e6d19000 	C:\Windows\SYSTEM32\WSOCK32.dll
0x00007ff9f0d00000 - 0x00007ff9f0d6b000 	C:\Windows\System32\WS2_32.dll
0x00007ff9d7a60000 - 0x00007ff9d7a87000 	C:\Windows\SYSTEM32\WINMM.dll
0x00007ff9e5390000 - 0x00007ff9e539a000 	C:\Windows\SYSTEM32\VERSION.dll
0x00007ff9ecfa0000 - 0x00007ff9ecfb2000 	C:\Windows\SYSTEM32\kernel.appcore.dll
0x00007ff9e68e0000 - 0x00007ff9e68ea000 	C:\Users\ljrla\.jdks\openjdk-16.0.1\bin\jimage.dll
0x00007ff9ecc50000 - 0x00007ff9ece34000 	C:\Windows\SYSTEM32\DBGHELP.DLL
0x00007ff9d34c0000 - 0x00007ff9d34ec000 	C:\Windows\SYSTEM32\dbgcore.DLL
0x00007ff9ee9e0000 - 0x00007ff9eea63000 	C:\Windows\System32\bcryptPrimitives.dll
0x00007ff9e6620000 - 0x00007ff9e6645000 	C:\Users\ljrla\.jdks\openjdk-16.0.1\bin\java.dll
0x00007ff9efcd0000 - 0x00007ff9f040f000 	C:\Windows\System32\SHELL32.dll
0x00007ff9ec3f0000 - 0x00007ff9ecb81000 	C:\Windows\SYSTEM32\windows.storage.dll
0x00007ff9f0410000 - 0x00007ff9f0765000 	C:\Windows\System32\combase.dll
0x00007ff9ee100000 - 0x00007ff9ee12c000 	C:\Windows\SYSTEM32\Wldp.dll
0x00007ff9f0d70000 - 0x00007ff9f0e1e000 	C:\Windows\System32\SHCORE.dll
0x00007ff9f0a60000 - 0x00007ff9f0ab5000 	C:\Windows\System32\shlwapi.dll
0x00007ff9ee5d0000 - 0x00007ff9ee5ef000 	C:\Windows\SYSTEM32\profapi.dll
0x00007ff9e6270000 - 0x00007ff9e6289000 	C:\Users\ljrla\.jdks\openjdk-16.0.1\bin\net.dll
0x00007ff9e5280000 - 0x00007ff9e538a000 	C:\Windows\SYSTEM32\WINHTTP.dll
0x00007ff9ede60000 - 0x00007ff9edeca000 	C:\Windows\system32\mswsock.dll
0x00007ff9e6180000 - 0x00007ff9e6193000 	C:\Users\ljrla\.jdks\openjdk-16.0.1\bin\nio.dll
0x00007ff9e65f0000 - 0x00007ff9e6608000 	C:\Users\ljrla\.jdks\openjdk-16.0.1\bin\zip.dll
0x00007ff9e6870000 - 0x00007ff9e6880000 	C:\Users\ljrla\.jdks\openjdk-16.0.1\bin\verify.dll
0x00007ff9e6260000 - 0x00007ff9e6269000 	C:\Users\ljrla\.jdks\openjdk-16.0.1\bin\management.dll
0x00007ff9e61e0000 - 0x00007ff9e61eb000 	C:\Users\ljrla\.jdks\openjdk-16.0.1\bin\management_ext.dll
0x00007ff9cc030000 - 0x00007ff9cc047000 	C:\Windows\system32\napinsp.dll
0x00007ff9cc010000 - 0x00007ff9cc02b000 	C:\Windows\system32\pnrpnsp.dll
0x00007ff9cbfd0000 - 0x00007ff9cbfe5000 	C:\Windows\system32\wshbth.dll
0x00007ff9e6c20000 - 0x00007ff9e6c3d000 	C:\Windows\system32\NLAapi.dll
0x00007ff9edb00000 - 0x00007ff9edb3b000 	C:\Windows\SYSTEM32\IPHLPAPI.DLL
0x00007ff9edb40000 - 0x00007ff9edc0c000 	C:\Windows\SYSTEM32\DNSAPI.dll
0x00007ff9f0b60000 - 0x00007ff9f0b68000 	C:\Windows\System32\NSI.dll
0x00007ff9cbfb0000 - 0x00007ff9cbfc2000 	C:\Windows\System32\winrnr.dll
0x00007ff9e2ea0000 - 0x00007ff9e2eaa000 	C:\Windows\System32\rasadhlp.dll
0x00007ff9daf10000 - 0x00007ff9daf8f000 	C:\Windows\System32\fwpuclnt.dll
0x00007ff9eea70000 - 0x00007ff9eea97000 	C:\Windows\System32\bcrypt.dll
0x00007ff9ee040000 - 0x00007ff9ee058000 	C:\Windows\SYSTEM32\CRYPTSP.dll
0x00007ff9ed790000 - 0x00007ff9ed7c4000 	C:\Windows\system32\rsaenh.dll
0x00007ff9ee590000 - 0x00007ff9ee5be000 	C:\Windows\SYSTEM32\USERENV.dll
0x00007ff9ee060000 - 0x00007ff9ee06c000 	C:\Windows\SYSTEM32\CRYPTBASE.dll
0x00007ff9e38d0000 - 0x00007ff9e38e7000 	C:\Windows\SYSTEM32\dhcpcsvc6.DLL
0x00007ff9e3be0000 - 0x00007ff9e3bfd000 	C:\Windows\SYSTEM32\dhcpcsvc.DLL
0x00007ff9e60a0000 - 0x00007ff9e60ae000 	C:\Users\ljrla\.jdks\openjdk-16.0.1\bin\sunmscapi.dll
0x00007ff9eec10000 - 0x00007ff9eed6f000 	C:\Windows\System32\CRYPT32.dll
0x00007ff9ee170000 - 0x00007ff9ee197000 	C:\Windows\SYSTEM32\ncrypt.dll
0x00007ff9ee130000 - 0x00007ff9ee16b000 	C:\Windows\SYSTEM32\NTASN1.dll
0x00007ff9e6090000 - 0x00007ff9e6097000 	C:\Windows\system32\wshunix.dll

dbghelp: loaded successfully - version: 4.0.5 - missing functions: none
symbol engine: initialized successfully - sym options: 0x614 - pdb path: .;C:\Users\ljrla\.jdks\openjdk-16.0.1\bin;C:\Windows\SYSTEM32;C:\Windows\WinSxS\amd64_microsoft.windows.common-controls_6595b64144ccf1df_6.0.19041.1110_none_60b5254171f9507e;C:\Users\ljrla\.jdks\openjdk-16.0.1\bin\server

VM Arguments:
jvm_args: -XX:TieredStopAtLevel=1 
java_command: com.eventoapp.EventoappApplication
java_class_path (initial): C:\Users\ljrla\Documents\eventoapp-master\target\classes;C:\Users\ljrla\.m2\repository\ch\qos\logback\logback-classic\1.2.3\logback-classic-1.2.3.jar;C:\Users\ljrla\.m2\repository\ch\qos\logback\logback-core\1.2.3\logback-core-1.2.3.jar;C:\Users\ljrla\.m2\repository\org\apache\logging\log4j\log4j-to-slf4j\2.14.1\log4j-to-slf4j-2.14.1.jar;C:\Users\ljrla\.m2\repository\org\apache\logging\log4j\log4j-api\2.14.1\log4j-api-2.14.1.jar;C:\Users\ljrla\.m2\repository\org\slf4j\jul-to-slf4j\1.7.31\jul-to-slf4j-1.7.31.jar;C:\Users\ljrla\.m2\repository\jakarta\annotation\jakarta.annotation-api\1.3.5\jakarta.annotation-api-1.3.5.jar;C:\Users\ljrla\.m2\repository\org\yaml\snakeyaml\1.28\snakeyaml-1.28.jar;C:\Users\ljrla\.m2\repository\org\thymeleaf\thymeleaf-spring5\3.0.12.RELEASE\thymeleaf-spring5-3.0.12.RELEASE.jar;C:\Users\ljrla\.m2\repository\org\thymeleaf\thymeleaf\3.0.12.RELEASE\thymeleaf-3.0.12.RELEASE.jar;C:\Users\ljrla\.m2\repository\org\attoparser\attoparser\2.0.5.RELEASE\attoparser-2.0.5.RELEASE.jar;C:\Users\ljrla\.m2\repository\org\unbescape\unbescape\1.1.6.RELEASE\unbescape-1.1.6.RELEASE.jar;C:\Users\ljrla\.m2\repository\org\slf4j\slf4j-api\1.7.31\slf4j-api-1.7.31.jar;C:\Users\ljrla\.m2\repository\org\thymeleaf\extras\thymeleaf-extras-java8time\3.0.4.RELEASE\thymeleaf-extras-java8time-3.0.4.RELEASE.jar;C:\Users\ljrla\.m2\repository\com\fasterxml\jackson\core\jackson-databind\2.12.3\jackson-databind-2.12.3.jar;C:\Users\ljrla\.m2\repository\com\fasterxml\jackson\core\jackson-annotations\2.12.3\jackson-annotations-2.12.3.jar;C:\Users\ljrla\.m2\repository\com\fasterxml\jackson\core\jackson-core\2.12.3\jackson-core-2.12.3.jar;C:\Users\ljrla\.m2\repository\com\fasterxml\jackson\datatype\jackson-datatype-jdk8\2.12.3\jackson-datatype-jdk8-2.12.3.jar;C:\Users\ljrla\.m2\repository\com\fasterxml\jackson\datatype\jackson-datatype-jsr310\2.12.3\jackson-datatype-jsr310-2.12.3.jar;C:\Users\ljrla\.m2\repository\com\fasterxml\jackson\module\jackson-module
Launcher Type: SUN_STANDARD

[Global flags]
     intx CICompilerCount                          = 3                                         {product} {ergonomic}
     uint ConcGCThreads                            = 1                                         {product} {ergonomic}
     uint G1ConcRefinementThreads                  = 4                                         {product} {ergonomic}
   size_t G1HeapRegionSize                         = 1048576                                   {product} {ergonomic}
    uintx GCDrainStackTargetSize                   = 64                                        {product} {ergonomic}
   size_t InitialHeapSize                          = 134217728                                 {product} {ergonomic}
   size_t MarkStackSize                            = 4194304                                   {product} {ergonomic}
   size_t MaxHeapSize                              = 2124414976                                {product} {ergonomic}
   size_t MaxNewSize                               = 1274019840                                {product} {ergonomic}
   size_t MinHeapDeltaBytes                        = 1048576                                   {product} {ergonomic}
   size_t MinHeapSize                              = 8388608                                   {product} {ergonomic}
    uintx NonNMethodCodeHeapSize                   = 6973028                                {pd product} {ergonomic}
    uintx NonProfiledCodeHeapSize                  = 244685212                              {pd product} {ergonomic}
    uintx ProfiledCodeHeapSize                     = 0                                      {pd product} {ergonomic}
    uintx ReservedCodeCacheSize                    = 251658240                              {pd product} {ergonomic}
     bool SegmentedCodeCache                       = true                                      {product} {ergonomic}
   size_t SoftMaxHeapSize                          = 2124414976                             {manageable} {ergonomic}
     intx TieredStopAtLevel                        = 1                                         {product} {command line}
     bool UseCompressedClassPointers               = true                           {product lp64_product} {ergonomic}
     bool UseCompressedOops                        = true                           {product lp64_product} {ergonomic}
     bool UseG1GC                                  = true                                      {product} {ergonomic}
     bool UseLargePagesIndividualAllocation        = false                                  {pd product} {ergonomic}

Logging:
Log output configuration:
 #0: stdout all=warning uptime,level,tags
 #1: stderr all=off uptime,level,tags

Environment Variables:
PATH=C:\Program Files\Common Files\Oracle\Java\javapath;C:\Program Files (x86)\Common Files\Oracle\Java\javapath;C:\Windows\system32;C:\Windows;C:\Windows\System32\Wbem;C:\Windows\System32\WindowsPowerShell\v1.0\;C:\Windows\System32\OpenSSH\;C:\Program Files\Git\cmd;C:\Program Files (x86)\NVIDIA Corporation\PhysX\Common;C:\Program Files\NVIDIA Corporation\NVIDIA NvDLISR;C:\Program Files (x86)\NoteBook FanControl\;C:\Program Files\MySQL\MySQL Shell 8.0\bin\;C:\Users\ljrla\AppData\Local\Microsoft\WindowsApps;C:\src\flutter\bin;
USERNAME=ljrla
OS=Windows_NT
PROCESSOR_IDENTIFIER=Intel64 Family 6 Model 142 Stepping 9, GenuineIntel



---------------  S Y S T E M  ---------------

OS:
 Windows 10 , 64 bit Build 19041 (10.0.19041.1023)
OS uptime: 0 days 4:42 hours

CPU: total 4 (initial active 4) (2 cores per cpu, 2 threads per core) family 6 model 142 stepping 9 microcode 0xde, cx8, cmov, fxsr, ht, mmx, 3dnowpref, sse, sse2, sse3, ssse3, sse4.1, sse4.2, popcnt, lzcnt, tsc, tscinvbit, avx, avx2, aes, erms, clmul, bmi1, bmi2, adx, fma, vzeroupper, clflush, clflushopt

Memory: 4k page, system-wide physical 8102M (993M free)
TotalPageFile size 8102M (AvailPageFile size 20M)
current process WorkingSet (physical memory assigned to process): 204M, peak: 204M
current process commit charge ("private bytes"): 300M, peak: 320M

vm_info: OpenJDK 64-Bit Server VM (16.0.1+9-24) for windows-amd64 JRE (16.0.1+9-24), built on Mar 26 2021 19:30:07 by "mach5one" with MS VC++ 16.7 (VS2019)

END.
